[0.021s] Invoking command in '/home/baddies/camera_ws/build/camera_ros': CMAKE_PREFIX_PATH=${CMAKE_PREFIX_PATH}:/opt/ros/jazzy DEBUGINFOD_URLS=https://debuginfod.ubuntu.com LD_LIBRARY_PATH=/home/baddies/camera_ws/install/libcamera/lib:${LD_LIBRARY_PATH} PATH=/home/baddies/camera_ws/install/libcamera/bin:${PATH} PKG_CONFIG_PATH=/home/baddies/camera_ws/install/libcamera/lib/pkgconfig PYTHONPATH=/home/baddies/camera_ws/install/libcamera/lib/python3.12/site-packages:${PYTHONPATH} /usr/bin/cmake /home/baddies/camera_ws/src/camera_ros -DCMAKE_INSTALL_PREFIX=/home/baddies/camera_ws/install/camera_ros
[0.132s] -- The C compiler identification is GNU 13.3.0
[0.247s] -- The CXX compiler identification is GNU 13.3.0
[0.287s] -- Detecting C compiler ABI info
[0.476s] -- Detecting C compiler ABI info - done
[0.493s] -- Check for working C compiler: /usr/bin/cc - skipped
[0.496s] -- Detecting C compile features
[0.496s] -- Detecting C compile features - done
[0.517s] -- Detecting CXX compiler ABI info
[0.725s] -- Detecting CXX compiler ABI info - done
[0.744s] -- Check for working CXX compiler: /usr/bin/c++ - skipped
[0.745s] -- Detecting CXX compile features
[0.745s] -- Detecting CXX compile features - done
[0.750s] -- Found ament_cmake: 2.5.4 (/opt/ros/jazzy/share/ament_cmake/cmake)
[1.011s] -- Found Python3: /usr/bin/python3 (found version "3.12.3") found components: Interpreter 
[1.234s] -- Found PkgConfig: /usr/bin/pkg-config (found version "1.8.1") 
[1.242s] -- Found rclcpp: 28.1.10 (/opt/ros/jazzy/share/rclcpp/cmake)
[1.335s] -- Found rosidl_generator_c: 4.6.5 (/opt/ros/jazzy/share/rosidl_generator_c/cmake)
[1.368s] -- Found rosidl_generator_cpp: 4.6.5 (/opt/ros/jazzy/share/rosidl_generator_cpp/cmake)
[1.411s] -- Using all available rosidl_typesupport_c: rosidl_typesupport_fastrtps_c;rosidl_typesupport_introspection_c
[1.452s] -- Using all available rosidl_typesupport_cpp: rosidl_typesupport_fastrtps_cpp;rosidl_typesupport_introspection_cpp
[1.618s] -- Found rmw_implementation_cmake: 7.3.2 (/opt/ros/jazzy/share/rmw_implementation_cmake/cmake)
[1.630s] -- Found rmw_fastrtps_cpp: 8.4.2 (/opt/ros/jazzy/share/rmw_fastrtps_cpp/cmake)
[1.811s] -- Found OpenSSL: /usr/lib/aarch64-linux-gnu/libcrypto.so (found version "3.0.13")  
[1.848s] -- Found FastRTPS: /opt/ros/jazzy/include (Required is at least version "2.13") 
[1.897s] -- Using RMW implementation 'rmw_fastrtps_cpp' as default
[2.052s] -- Found rclcpp_components: 28.1.10 (/opt/ros/jazzy/share/rclcpp_components/cmake)
[2.128s] -- Found sensor_msgs: 5.3.6 (/opt/ros/jazzy/share/sensor_msgs/cmake)
[2.250s] -- Found camera_info_manager: 5.1.7 (/opt/ros/jazzy/share/camera_info_manager/cmake)
[2.265s] -- Setting yaml-cpp_DIR to: '/opt/ros/jazzy/share/yaml_cpp_vendor/cmake/../../../opt/yaml_cpp_vendor/share/cmake/yaml-cpp'
[2.339s] -- Found cv_bridge: 4.1.0 (/opt/ros/jazzy/share/cv_bridge/cmake)
[2.372s] -- Checking for module 'libcamera>=0.1'
[2.409s] --   Found libcamera, version 0.5.1
[2.493s] -- Found ament_lint_auto: 0.17.2 (/opt/ros/jazzy/share/ament_lint_auto/cmake)
[2.795s] -- Added test 'clang_format' to check C / C++ code style
[2.804s] -- Added test 'cppcheck' to perform static code analysis on C / C++ code
[2.804s] -- Configured cppcheck include dirs: 
[2.804s] -- Configured cppcheck exclude dirs and/or files: 
[2.806s] -- Added test 'flake8' to check Python code syntax and style conventions
[2.807s] -- Configured 'flake8' exclude dirs and/or files: 
[2.810s] -- Added test 'lint_cmake' to check CMake code style
[2.812s] -- Added test 'mypy' to statically type check Python code.
[2.816s] -- Added test 'pep257' to check Python code against some of the docstring style conventions in PEP 257
[2.817s] -- Added test 'pyflakes' to perform static code analysis on Python code
[2.819s] -- Added test 'xmllint' to check XML markup files
[2.828s] -- Configuring done (2.8s)
[2.878s] -- Generating done (0.0s)
[2.894s] -- Build files have been written to: /home/baddies/camera_ws/build/camera_ros
[2.925s] Invoked command in '/home/baddies/camera_ws/build/camera_ros' returned '0': CMAKE_PREFIX_PATH=${CMAKE_PREFIX_PATH}:/opt/ros/jazzy DEBUGINFOD_URLS=https://debuginfod.ubuntu.com LD_LIBRARY_PATH=/home/baddies/camera_ws/install/libcamera/lib:${LD_LIBRARY_PATH} PATH=/home/baddies/camera_ws/install/libcamera/bin:${PATH} PKG_CONFIG_PATH=/home/baddies/camera_ws/install/libcamera/lib/pkgconfig PYTHONPATH=/home/baddies/camera_ws/install/libcamera/lib/python3.12/site-packages:${PYTHONPATH} /usr/bin/cmake /home/baddies/camera_ws/src/camera_ros -DCMAKE_INSTALL_PREFIX=/home/baddies/camera_ws/install/camera_ros
[2.927s] Invoking command in '/home/baddies/camera_ws/build/camera_ros': CMAKE_PREFIX_PATH=${CMAKE_PREFIX_PATH}:/opt/ros/jazzy DEBUGINFOD_URLS=https://debuginfod.ubuntu.com LD_LIBRARY_PATH=/home/baddies/camera_ws/install/libcamera/lib:${LD_LIBRARY_PATH} PATH=/home/baddies/camera_ws/install/libcamera/bin:${PATH} PKG_CONFIG_PATH=/home/baddies/camera_ws/install/libcamera/lib/pkgconfig PYTHONPATH=/home/baddies/camera_ws/install/libcamera/lib/python3.12/site-packages:${PYTHONPATH} /usr/bin/cmake --build /home/baddies/camera_ws/build/camera_ros -- -j4 -l4
[3.029s] [  7%] [32mBuilding CXX object CMakeFiles/utils.dir/src/format_mapping.cpp.o[0m
[7.069s] [ 15%] [32mBuilding CXX object CMakeFiles/utils.dir/src/pretty_print.cpp.o[0m
[8.607s] [ 15%] Built target utils
[8.651s] [ 23%] [32mBuilding CXX object CMakeFiles/camera_node.dir/rclcpp_components/node_main_camera_node.cpp.o[0m
[16.194s] [ 30%] [32m[1mLinking CXX executable camera_node[0m
[16.503s] [ 30%] Built target camera_node
[16.552s] [ 38%] [32mBuilding CXX object CMakeFiles/param.dir/src/clamp.cpp.o[0m
[18.594s] [ 46%] [32mBuilding CXX object CMakeFiles/param.dir/src/types.cpp.o[0m
[19.765s] [ 53%] [32mBuilding CXX object CMakeFiles/param.dir/src/type_extent.cpp.o[0m
[21.017s] [ 61%] [32mBuilding CXX object CMakeFiles/param.dir/src/ParameterHandler.cpp.o[0m
[27.499s] [ 76%] [32mBuilding CXX object CMakeFiles/param.dir/src/pv_to_cv.cpp.o[0m
[27.499s] [ 76%] [32mBuilding CXX object CMakeFiles/param.dir/src/ParameterConflictHandler.cpp.o[0m
[29.619s] [ 84%] [32mBuilding CXX object CMakeFiles/param.dir/src/cv_to_pv.cpp.o[0m
[32.053s] [ 84%] Built target param
[32.104s] [ 92%] [32mBuilding CXX object CMakeFiles/camera_component.dir/src/CameraNode.cpp.o[0m
[49.214s] [100%] [32m[1mLinking CXX shared library libcamera_component.so[0m
[50.823s] [100%] Built target camera_component
[50.851s] Invoked command in '/home/baddies/camera_ws/build/camera_ros' returned '0': CMAKE_PREFIX_PATH=${CMAKE_PREFIX_PATH}:/opt/ros/jazzy DEBUGINFOD_URLS=https://debuginfod.ubuntu.com LD_LIBRARY_PATH=/home/baddies/camera_ws/install/libcamera/lib:${LD_LIBRARY_PATH} PATH=/home/baddies/camera_ws/install/libcamera/bin:${PATH} PKG_CONFIG_PATH=/home/baddies/camera_ws/install/libcamera/lib/pkgconfig PYTHONPATH=/home/baddies/camera_ws/install/libcamera/lib/python3.12/site-packages:${PYTHONPATH} /usr/bin/cmake --build /home/baddies/camera_ws/build/camera_ros -- -j4 -l4
[50.877s] Invoking command in '/home/baddies/camera_ws/build/camera_ros': CMAKE_PREFIX_PATH=${CMAKE_PREFIX_PATH}:/opt/ros/jazzy DEBUGINFOD_URLS=https://debuginfod.ubuntu.com LD_LIBRARY_PATH=/home/baddies/camera_ws/install/libcamera/lib:${LD_LIBRARY_PATH} PATH=/home/baddies/camera_ws/install/libcamera/bin:${PATH} PKG_CONFIG_PATH=/home/baddies/camera_ws/install/libcamera/lib/pkgconfig PYTHONPATH=/home/baddies/camera_ws/install/libcamera/lib/python3.12/site-packages:${PYTHONPATH} /usr/bin/cmake --install /home/baddies/camera_ws/build/camera_ros
[50.892s] -- Install configuration: ""
[50.892s] -- Installing: /home/baddies/camera_ws/install/camera_ros/lib/camera_ros/camera_node
[50.894s] -- Set non-toolchain portion of runtime path of "/home/baddies/camera_ws/install/camera_ros/lib/camera_ros/camera_node" to ""
[50.894s] -- Installing: /home/baddies/camera_ws/install/camera_ros/share/camera_ros/environment/library_path.sh
[50.895s] -- Installing: /home/baddies/camera_ws/install/camera_ros/share/camera_ros/environment/library_path.dsv
[50.896s] -- Installing: /home/baddies/camera_ws/install/camera_ros/lib/libcamera_component.so
[50.914s] -- Set non-toolchain portion of runtime path of "/home/baddies/camera_ws/install/camera_ros/lib/libcamera_component.so" to ""
[50.914s] -- Installing: /home/baddies/camera_ws/install/camera_ros/share/camera_ros//launch
[50.915s] -- Installing: /home/baddies/camera_ws/install/camera_ros/share/camera_ros//launch/camera.launch.py
[50.915s] -- Installing: /home/baddies/camera_ws/install/camera_ros/share/ament_index/resource_index/package_run_dependencies/camera_ros
[50.915s] -- Installing: /home/baddies/camera_ws/install/camera_ros/share/ament_index/resource_index/parent_prefix_path/camera_ros
[50.915s] -- Installing: /home/baddies/camera_ws/install/camera_ros/share/camera_ros/environment/ament_prefix_path.sh
[50.916s] -- Installing: /home/baddies/camera_ws/install/camera_ros/share/camera_ros/environment/ament_prefix_path.dsv
[50.916s] -- Installing: /home/baddies/camera_ws/install/camera_ros/share/camera_ros/environment/path.sh
[50.916s] -- Installing: /home/baddies/camera_ws/install/camera_ros/share/camera_ros/environment/path.dsv
[50.917s] -- Installing: /home/baddies/camera_ws/install/camera_ros/share/camera_ros/local_setup.bash
[50.917s] -- Installing: /home/baddies/camera_ws/install/camera_ros/share/camera_ros/local_setup.sh
[50.917s] -- Installing: /home/baddies/camera_ws/install/camera_ros/share/camera_ros/local_setup.zsh
[50.918s] -- Installing: /home/baddies/camera_ws/install/camera_ros/share/camera_ros/local_setup.dsv
[50.918s] -- Installing: /home/baddies/camera_ws/install/camera_ros/share/camera_ros/package.dsv
[50.919s] -- Installing: /home/baddies/camera_ws/install/camera_ros/share/ament_index/resource_index/packages/camera_ros
[50.920s] -- Installing: /home/baddies/camera_ws/install/camera_ros/share/ament_index/resource_index/rclcpp_components/camera_ros
[50.921s] -- Installing: /home/baddies/camera_ws/install/camera_ros/share/camera_ros/cmake/camera_componentTargetsExport.cmake
[50.921s] -- Installing: /home/baddies/camera_ws/install/camera_ros/share/camera_ros/cmake/camera_componentTargetsExport-noconfig.cmake
[50.921s] -- Installing: /home/baddies/camera_ws/install/camera_ros/share/camera_ros/cmake/ament_cmake_export_targets-extras.cmake
[50.921s] -- Installing: /home/baddies/camera_ws/install/camera_ros/share/camera_ros/cmake/ament_cmake_export_dependencies-extras.cmake
[50.923s] -- Installing: /home/baddies/camera_ws/install/camera_ros/share/camera_ros/cmake/camera_rosConfig.cmake
[50.924s] -- Installing: /home/baddies/camera_ws/install/camera_ros/share/camera_ros/cmake/camera_rosConfig-version.cmake
[50.924s] -- Installing: /home/baddies/camera_ws/install/camera_ros/share/camera_ros/package.xml
[50.931s] Invoked command in '/home/baddies/camera_ws/build/camera_ros' returned '0': CMAKE_PREFIX_PATH=${CMAKE_PREFIX_PATH}:/opt/ros/jazzy DEBUGINFOD_URLS=https://debuginfod.ubuntu.com LD_LIBRARY_PATH=/home/baddies/camera_ws/install/libcamera/lib:${LD_LIBRARY_PATH} PATH=/home/baddies/camera_ws/install/libcamera/bin:${PATH} PKG_CONFIG_PATH=/home/baddies/camera_ws/install/libcamera/lib/pkgconfig PYTHONPATH=/home/baddies/camera_ws/install/libcamera/lib/python3.12/site-packages:${PYTHONPATH} /usr/bin/cmake --install /home/baddies/camera_ws/build/camera_ros
